[2025-10-21 13:48:15] laravel.EMERGENCY: Unable to create configured logger. Using emergency logger. {"exception":"[object] (InvalidArgumentException(code: 0): Log [] is not defined. at /Users/hqm/workspaces/StuViS/vendor/laravel/framework/src/Illuminate/Log/LogManager.php:200)
[stacktrace]
#0 /Users/hqm/workspaces/StuViS/vendor/laravel/framework/src/Illuminate/Log/LogManager.php(125): Illuminate\\Log\\LogManager->resolve(NULL, NULL)
#1 /Users/hqm/workspaces/StuViS/vendor/laravel/framework/src/Illuminate/Log/LogManager.php(112): Illuminate\\Log\\LogManager->get(NULL)
#2 /Users/hqm/workspaces/StuViS/vendor/laravel/framework/src/Illuminate/Log/LogManager.php(590): Illuminate\\Log\\LogManager->driver()
#3 /Users/hqm/workspaces/StuViS/vendor/laravel/framework/src/Illuminate/Foundation/Exceptions/Handler.php(247): Illuminate\\Log\\LogManager->error('The /Users/hqm/...', Array)
#4 /Users/hqm/workspaces/StuViS/vendor/laravel/framework/src/Illuminate/Foundation/Console/Kernel.php(366): Illuminate\\Foundation\\Exceptions\\Handler->report(Object(Exception))
#5 /Users/hqm/workspaces/StuViS/vendor/laravel/framework/src/Illuminate/Foundation/Console/Kernel.php(131): Illuminate\\Foundation\\Console\\Kernel->reportException(Object(Exception))
#6 /Users/hqm/workspaces/StuViS/artisan(9): Illuminate\\Foundation\\Console\\Kernel->handle(Object(Symfony\\Component\\Console\\Input\\ArgvInput), Object(Symfony\\Component\\Console\\Output\\ConsoleOutput))
#7 {main}
"} 
[2025-10-21 13:48:15] laravel.ERROR: The /Users/hqm/workspaces/StuViS/bootstrap/cache directory must be present and writable. {"exception":"[object] (Exception(code: 0): The /Users/hqm/workspaces/StuViS/bootstrap/cache directory must be present and writable. at /Users/hqm/workspaces/StuViS/vendor/laravel/framework/src/Illuminate/Foundation/PackageManifest.php:177)
[stacktrace]
#0 /Users/hqm/workspaces/StuViS/vendor/laravel/framework/src/Illuminate/Foundation/PackageManifest.php(130): Illuminate\\Foundation\\PackageManifest->write(Array)
#1 /Users/hqm/workspaces/StuViS/vendor/laravel/framework/src/Illuminate/Foundation/PackageManifest.php(106): Illuminate\\Foundation\\PackageManifest->build()
#2 /Users/hqm/workspaces/StuViS/vendor/laravel/framework/src/Illuminate/Foundation/PackageManifest.php(89): Illuminate\\Foundation\\PackageManifest->getManifest()
#3 /Users/hqm/workspaces/StuViS/vendor/laravel/framework/src/Illuminate/Foundation/PackageManifest.php(78): Illuminate\\Foundation\\PackageManifest->config('aliases')
#4 /Users/hqm/workspaces/StuViS/vendor/laravel/framework/src/Illuminate/Foundation/Bootstrap/RegisterFacades.php(26): Illuminate\\Foundation\\PackageManifest->aliases()
#5 /Users/hqm/workspaces/StuViS/vendor/laravel/framework/src/Illuminate/Foundation/Application.php(237): Illuminate\\Foundation\\Bootstrap\\RegisterFacades->bootstrap(Object(Illuminate\\Foundation\\Application))
#6 /Users/hqm/workspaces/StuViS/vendor/laravel/framework/src/Illuminate/Foundation/Console/Kernel.php(310): Illuminate\\Foundation\\Application->bootstrapWith(Array)
#7 /Users/hqm/workspaces/StuViS/vendor/laravel/framework/src/Illuminate/Foundation/Console/Kernel.php(127): Illuminate\\Foundation\\Console\\Kernel->bootstrap()
#8 /Users/hqm/workspaces/StuViS/artisan(9): Illuminate\\Foundation\\Console\\Kernel->handle(Object(Symfony\\Component\\Console\\Input\\ArgvInput), Object(Symfony\\Component\\Console\\Output\\ConsoleOutput))
#9 {main}
"} 
[2025-10-21 13:48:16] laravel.EMERGENCY: Unable to create configured logger. Using emergency logger. {"exception":"[object] (InvalidArgumentException(code: 0): Log [] is not defined. at /Users/hqm/workspaces/StuViS/vendor/laravel/framework/src/Illuminate/Log/LogManager.php:200)
[stacktrace]
#0 /Users/hqm/workspaces/StuViS/vendor/laravel/framework/src/Illuminate/Log/LogManager.php(125): Illuminate\\Log\\LogManager->resolve(NULL, NULL)
#1 /Users/hqm/workspaces/StuViS/vendor/laravel/framework/src/Illuminate/Log/LogManager.php(112): Illuminate\\Log\\LogManager->get(NULL)
#2 /Users/hqm/workspaces/StuViS/vendor/laravel/framework/src/Illuminate/Log/LogManager.php(590): Illuminate\\Log\\LogManager->driver()
#3 /Users/hqm/workspaces/StuViS/vendor/laravel/framework/src/Illuminate/Foundation/Exceptions/Handler.php(247): Illuminate\\Log\\LogManager->error('__VSCODE_LARAVE...', Array)
#4 /Users/hqm/workspaces/StuViS/vendor/laravel/framework/src/Illuminate/Foundation/Bootstrap/HandleExceptions.php(165): Illuminate\\Foundation\\Exceptions\\Handler->report(Object(Error))
#5 [internal function]: Illuminate\\Foundation\\Bootstrap\\HandleExceptions->handleException(Object(Error))
#6 {main}
"} 
[2025-10-21 13:48:16] laravel.ERROR: __VSCODE_LARAVEL_STARTUP_ERROR__: The /Users/hqm/workspaces/StuViS/bootstrap/cache directory must be present and writable. {"exception":"[object] (Error(code: 0): __VSCODE_LARAVEL_STARTUP_ERROR__: The /Users/hqm/workspaces/StuViS/bootstrap/cache directory must be present and writable. at /Users/hqm/workspaces/StuViS/vendor/_laravel_ide/discover-d65bb7343c1593c04a323211e6bd1f9a.php:33)
[stacktrace]
#0 /Users/hqm/workspaces/StuViS/vendor/_laravel_ide/discover-d65bb7343c1593c04a323211e6bd1f9a.php(62): LaravelVsCode::startupError(Object(Exception))
#1 {main}
"} 
[2025-10-21 13:48:16] laravel.EMERGENCY: Unable to create configured logger. Using emergency logger. {"exception":"[object] (InvalidArgumentException(code: 0): Log [] is not defined. at /Users/hqm/workspaces/StuViS/vendor/laravel/framework/src/Illuminate/Log/LogManager.php:200)
[stacktrace]
#0 /Users/hqm/workspaces/StuViS/vendor/laravel/framework/src/Illuminate/Log/LogManager.php(125): Illuminate\\Log\\LogManager->resolve(NULL, NULL)
#1 /Users/hqm/workspaces/StuViS/vendor/laravel/framework/src/Illuminate/Log/LogManager.php(112): Illuminate\\Log\\LogManager->get(NULL)
#2 /Users/hqm/workspaces/StuViS/vendor/laravel/framework/src/Illuminate/Log/LogManager.php(590): Illuminate\\Log\\LogManager->driver()
#3 /Users/hqm/workspaces/StuViS/vendor/laravel/framework/src/Illuminate/Foundation/Exceptions/Handler.php(247): Illuminate\\Log\\LogManager->error('__VSCODE_LARAVE...', Array)
#4 /Users/hqm/workspaces/StuViS/vendor/laravel/framework/src/Illuminate/Foundation/Bootstrap/HandleExceptions.php(165): Illuminate\\Foundation\\Exceptions\\Handler->report(Object(Error))
#5 [internal function]: Illuminate\\Foundation\\Bootstrap\\HandleExceptions->handleException(Object(Error))
#6 {main}
"} 
[2025-10-21 13:48:16] laravel.ERROR: __VSCODE_LARAVEL_STARTUP_ERROR__: The /Users/hqm/workspaces/StuViS/bootstrap/cache directory must be present and writable. {"exception":"[object] (Error(code: 0): __VSCODE_LARAVEL_STARTUP_ERROR__: The /Users/hqm/workspaces/StuViS/bootstrap/cache directory must be present and writable. at /Users/hqm/workspaces/StuViS/vendor/_laravel_ide/discover-79de9752f999b6e261cd05abba67a5ce.php:33)
[stacktrace]
#0 /Users/hqm/workspaces/StuViS/vendor/_laravel_ide/discover-79de9752f999b6e261cd05abba67a5ce.php(62): LaravelVsCode::startupError(Object(Exception))
#1 {main}
"} 
[2025-10-21 13:48:16] laravel.EMERGENCY: Unable to create configured logger. Using emergency logger. {"exception":"[object] (InvalidArgumentException(code: 0): Log [] is not defined. at /Users/hqm/workspaces/StuViS/vendor/laravel/framework/src/Illuminate/Log/LogManager.php:200)
[stacktrace]
#0 /Users/hqm/workspaces/StuViS/vendor/laravel/framework/src/Illuminate/Log/LogManager.php(125): Illuminate\\Log\\LogManager->resolve(NULL, NULL)
#1 /Users/hqm/workspaces/StuViS/vendor/laravel/framework/src/Illuminate/Log/LogManager.php(112): Illuminate\\Log\\LogManager->get(NULL)
#2 /Users/hqm/workspaces/StuViS/vendor/laravel/framework/src/Illuminate/Log/LogManager.php(590): Illuminate\\Log\\LogManager->driver()
#3 /Users/hqm/workspaces/StuViS/vendor/laravel/framework/src/Illuminate/Foundation/Exceptions/Handler.php(247): Illuminate\\Log\\LogManager->error('__VSCODE_LARAVE...', Array)
#4 /Users/hqm/workspaces/StuViS/vendor/laravel/framework/src/Illuminate/Foundation/Bootstrap/HandleExceptions.php(165): Illuminate\\Foundation\\Exceptions\\Handler->report(Object(Error))
#5 [internal function]: Illuminate\\Foundation\\Bootstrap\\HandleExceptions->handleException(Object(Error))
#6 {main}
"} 
[2025-10-21 13:48:16] laravel.ERROR: __VSCODE_LARAVEL_STARTUP_ERROR__: The /Users/hqm/workspaces/StuViS/bootstrap/cache directory must be present and writable. {"exception":"[object] (Error(code: 0): __VSCODE_LARAVEL_STARTUP_ERROR__: The /Users/hqm/workspaces/StuViS/bootstrap/cache directory must be present and writable. at /Users/hqm/workspaces/StuViS/vendor/_laravel_ide/discover-6d96201ad95cad12367117063c707ebf.php:33)
[stacktrace]
#0 /Users/hqm/workspaces/StuViS/vendor/_laravel_ide/discover-6d96201ad95cad12367117063c707ebf.php(62): LaravelVsCode::startupError(Object(Exception))
#1 {main}
"} 
[2025-10-21 13:48:16] laravel.EMERGENCY: Unable to create configured logger. Using emergency logger. {"exception":"[object] (InvalidArgumentException(code: 0): Log [] is not defined. at /Users/hqm/workspaces/StuViS/vendor/laravel/framework/src/Illuminate/Log/LogManager.php:200)
[stacktrace]
#0 /Users/hqm/workspaces/StuViS/vendor/laravel/framework/src/Illuminate/Log/LogManager.php(125): Illuminate\\Log\\LogManager->resolve(NULL, NULL)
#1 /Users/hqm/workspaces/StuViS/vendor/laravel/framework/src/Illuminate/Log/LogManager.php(112): Illuminate\\Log\\LogManager->get(NULL)
#2 /Users/hqm/workspaces/StuViS/vendor/laravel/framework/src/Illuminate/Log/LogManager.php(590): Illuminate\\Log\\LogManager->driver()
#3 /Users/hqm/workspaces/StuViS/vendor/laravel/framework/src/Illuminate/Foundation/Exceptions/Handler.php(247): Illuminate\\Log\\LogManager->error('__VSCODE_LARAVE...', Array)
#4 /Users/hqm/workspaces/StuViS/vendor/laravel/framework/src/Illuminate/Foundation/Bootstrap/HandleExceptions.php(165): Illuminate\\Foundation\\Exceptions\\Handler->report(Object(Error))
#5 [internal function]: Illuminate\\Foundation\\Bootstrap\\HandleExceptions->handleException(Object(Error))
#6 {main}
"} 
[2025-10-21 13:48:16] laravel.ERROR: __VSCODE_LARAVEL_STARTUP_ERROR__: The /Users/hqm/workspaces/StuViS/bootstrap/cache directory must be present and writable. {"exception":"[object] (Error(code: 0): __VSCODE_LARAVEL_STARTUP_ERROR__: The /Users/hqm/workspaces/StuViS/bootstrap/cache directory must be present and writable. at /Users/hqm/workspaces/StuViS/vendor/_laravel_ide/discover-6fd83ab5fb3f0a7e73c08ddae18f9934.php:33)
[stacktrace]
#0 /Users/hqm/workspaces/StuViS/vendor/_laravel_ide/discover-6fd83ab5fb3f0a7e73c08ddae18f9934.php(62): LaravelVsCode::startupError(Object(Exception))
#1 {main}
"} 
[2025-10-21 13:48:16] laravel.EMERGENCY: Unable to create configured logger. Using emergency logger. {"exception":"[object] (InvalidArgumentException(code: 0): Log [] is not defined. at /Users/hqm/workspaces/StuViS/vendor/laravel/framework/src/Illuminate/Log/LogManager.php:200)
[stacktrace]
#0 /Users/hqm/workspaces/StuViS/vendor/laravel/framework/src/Illuminate/Log/LogManager.php(125): Illuminate\\Log\\LogManager->resolve(NULL, NULL)
#1 /Users/hqm/workspaces/StuViS/vendor/laravel/framework/src/Illuminate/Log/LogManager.php(112): Illuminate\\Log\\LogManager->get(NULL)
#2 /Users/hqm/workspaces/StuViS/vendor/laravel/framework/src/Illuminate/Log/LogManager.php(590): Illuminate\\Log\\LogManager->driver()
#3 /Users/hqm/workspaces/StuViS/vendor/laravel/framework/src/Illuminate/Foundation/Exceptions/Handler.php(247): Illuminate\\Log\\LogManager->error('__VSCODE_LARAVE...', Array)
#4 /Users/hqm/workspaces/StuViS/vendor/laravel/framework/src/Illuminate/Foundation/Bootstrap/HandleExceptions.php(165): Illuminate\\Foundation\\Exceptions\\Handler->report(Object(Error))
#5 [internal function]: Illuminate\\Foundation\\Bootstrap\\HandleExceptions->handleException(Object(Error))
#6 {main}
"} 
[2025-10-21 13:48:16] laravel.ERROR: __VSCODE_LARAVEL_STARTUP_ERROR__: The /Users/hqm/workspaces/StuViS/bootstrap/cache directory must be present and writable. {"exception":"[object] (Error(code: 0): __VSCODE_LARAVEL_STARTUP_ERROR__: The /Users/hqm/workspaces/StuViS/bootstrap/cache directory must be present and writable. at /Users/hqm/workspaces/StuViS/vendor/_laravel_ide/discover-f6c2bb05e77ee582c501379f6998f2c4.php:33)
[stacktrace]
#0 /Users/hqm/workspaces/StuViS/vendor/_laravel_ide/discover-f6c2bb05e77ee582c501379f6998f2c4.php(62): LaravelVsCode::startupError(Object(Exception))
#1 {main}
"} 
[2025-10-21 13:48:16] laravel.EMERGENCY: Unable to create configured logger. Using emergency logger. {"exception":"[object] (InvalidArgumentException(code: 0): Log [] is not defined. at /Users/hqm/workspaces/StuViS/vendor/laravel/framework/src/Illuminate/Log/LogManager.php:200)
[stacktrace]
#0 /Users/hqm/workspaces/StuViS/vendor/laravel/framework/src/Illuminate/Log/LogManager.php(125): Illuminate\\Log\\LogManager->resolve(NULL, NULL)
#1 /Users/hqm/workspaces/StuViS/vendor/laravel/framework/src/Illuminate/Log/LogManager.php(112): Illuminate\\Log\\LogManager->get(NULL)
#2 /Users/hqm/workspaces/StuViS/vendor/laravel/framework/src/Illuminate/Log/LogManager.php(590): Illuminate\\Log\\LogManager->driver()
#3 /Users/hqm/workspaces/StuViS/vendor/laravel/framework/src/Illuminate/Foundation/Exceptions/Handler.php(247): Illuminate\\Log\\LogManager->error('__VSCODE_LARAVE...', Array)
#4 /Users/hqm/workspaces/StuViS/vendor/laravel/framework/src/Illuminate/Foundation/Bootstrap/HandleExceptions.php(165): Illuminate\\Foundation\\Exceptions\\Handler->report(Object(Error))
#5 [internal function]: Illuminate\\Foundation\\Bootstrap\\HandleExceptions->handleException(Object(Error))
#6 {main}
"} 
[2025-10-21 13:48:16] laravel.ERROR: __VSCODE_LARAVEL_STARTUP_ERROR__: The /Users/hqm/workspaces/StuViS/bootstrap/cache directory must be present and writable. {"exception":"[object] (Error(code: 0): __VSCODE_LARAVEL_STARTUP_ERROR__: The /Users/hqm/workspaces/StuViS/bootstrap/cache directory must be present and writable. at /Users/hqm/workspaces/StuViS/vendor/_laravel_ide/discover-31b934f114eabc246b541addb8b458e3.php:33)
[stacktrace]
#0 /Users/hqm/workspaces/StuViS/vendor/_laravel_ide/discover-31b934f114eabc246b541addb8b458e3.php(62): LaravelVsCode::startupError(Object(Exception))
#1 {main}
"} 
[2025-10-21 13:48:16] laravel.EMERGENCY: Unable to create configured logger. Using emergency logger. {"exception":"[object] (InvalidArgumentException(code: 0): Log [] is not defined. at /Users/hqm/workspaces/StuViS/vendor/laravel/framework/src/Illuminate/Log/LogManager.php:200)
[stacktrace]
#0 /Users/hqm/workspaces/StuViS/vendor/laravel/framework/src/Illuminate/Log/LogManager.php(125): Illuminate\\Log\\LogManager->resolve(NULL, NULL)
#1 /Users/hqm/workspaces/StuViS/vendor/laravel/framework/src/Illuminate/Log/LogManager.php(112): Illuminate\\Log\\LogManager->get(NULL)
#2 /Users/hqm/workspaces/StuViS/vendor/laravel/framework/src/Illuminate/Log/LogManager.php(590): Illuminate\\Log\\LogManager->driver()
#3 /Users/hqm/workspaces/StuViS/vendor/laravel/framework/src/Illuminate/Foundation/Exceptions/Handler.php(247): Illuminate\\Log\\LogManager->error('__VSCODE_LARAVE...', Array)
#4 /Users/hqm/workspaces/StuViS/vendor/laravel/framework/src/Illuminate/Foundation/Bootstrap/HandleExceptions.php(165): Illuminate\\Foundation\\Exceptions\\Handler->report(Object(Error))
#5 [internal function]: Illuminate\\Foundation\\Bootstrap\\HandleExceptions->handleException(Object(Error))
#6 {main}
"} 
[2025-10-21 13:48:16] laravel.ERROR: __VSCODE_LARAVEL_STARTUP_ERROR__: The /Users/hqm/workspaces/StuViS/bootstrap/cache directory must be present and writable. {"exception":"[object] (Error(code: 0): __VSCODE_LARAVEL_STARTUP_ERROR__: The /Users/hqm/workspaces/StuViS/bootstrap/cache directory must be present and writable. at /Users/hqm/workspaces/StuViS/vendor/_laravel_ide/discover-1e7ea3cf42a2f9b84f3de09530e2c135.php:33)
[stacktrace]
#0 /Users/hqm/workspaces/StuViS/vendor/_laravel_ide/discover-1e7ea3cf42a2f9b84f3de09530e2c135.php(62): LaravelVsCode::startupError(Object(Exception))
#1 {main}
"} 
[2025-10-21 13:48:16] laravel.EMERGENCY: Unable to create configured logger. Using emergency logger. {"exception":"[object] (InvalidArgumentException(code: 0): Log [] is not defined. at /Users/hqm/workspaces/StuViS/vendor/laravel/framework/src/Illuminate/Log/LogManager.php:200)
[stacktrace]
#0 /Users/hqm/workspaces/StuViS/vendor/laravel/framework/src/Illuminate/Log/LogManager.php(125): Illuminate\\Log\\LogManager->resolve(NULL, NULL)
#1 /Users/hqm/workspaces/StuViS/vendor/laravel/framework/src/Illuminate/Log/LogManager.php(112): Illuminate\\Log\\LogManager->get(NULL)
#2 /Users/hqm/workspaces/StuViS/vendor/laravel/framework/src/Illuminate/Log/LogManager.php(590): Illuminate\\Log\\LogManager->driver()
#3 /Users/hqm/workspaces/StuViS/vendor/laravel/framework/src/Illuminate/Foundation/Exceptions/Handler.php(247): Illuminate\\Log\\LogManager->error('__VSCODE_LARAVE...', Array)
#4 /Users/hqm/workspaces/StuViS/vendor/laravel/framework/src/Illuminate/Foundation/Bootstrap/HandleExceptions.php(165): Illuminate\\Foundation\\Exceptions\\Handler->report(Object(Error))
#5 [internal function]: Illuminate\\Foundation\\Bootstrap\\HandleExceptions->handleException(Object(Error))
#6 {main}
"} 
[2025-10-21 13:48:16] laravel.ERROR: __VSCODE_LARAVEL_STARTUP_ERROR__: The /Users/hqm/workspaces/StuViS/bootstrap/cache directory must be present and writable. {"exception":"[object] (Error(code: 0): __VSCODE_LARAVEL_STARTUP_ERROR__: The /Users/hqm/workspaces/StuViS/bootstrap/cache directory must be present and writable. at /Users/hqm/workspaces/StuViS/vendor/_laravel_ide/discover-7563160ca998bde672640aa1e68dfd08.php:33)
[stacktrace]
#0 /Users/hqm/workspaces/StuViS/vendor/_laravel_ide/discover-7563160ca998bde672640aa1e68dfd08.php(62): LaravelVsCode::startupError(Object(Exception))
#1 {main}
"} 
[2025-10-21 13:48:16] laravel.EMERGENCY: Unable to create configured logger. Using emergency logger. {"exception":"[object] (InvalidArgumentException(code: 0): Log [] is not defined. at /Users/hqm/workspaces/StuViS/vendor/laravel/framework/src/Illuminate/Log/LogManager.php:200)
[stacktrace]
#0 /Users/hqm/workspaces/StuViS/vendor/laravel/framework/src/Illuminate/Log/LogManager.php(125): Illuminate\\Log\\LogManager->resolve(NULL, NULL)
#1 /Users/hqm/workspaces/StuViS/vendor/laravel/framework/src/Illuminate/Log/LogManager.php(112): Illuminate\\Log\\LogManager->get(NULL)
#2 /Users/hqm/workspaces/StuViS/vendor/laravel/framework/src/Illuminate/Log/LogManager.php(590): Illuminate\\Log\\LogManager->driver()
#3 /Users/hqm/workspaces/StuViS/vendor/laravel/framework/src/Illuminate/Foundation/Exceptions/Handler.php(247): Illuminate\\Log\\LogManager->error('__VSCODE_LARAVE...', Array)
#4 /Users/hqm/workspaces/StuViS/vendor/laravel/framework/src/Illuminate/Foundation/Bootstrap/HandleExceptions.php(165): Illuminate\\Foundation\\Exceptions\\Handler->report(Object(Error))
#5 [internal function]: Illuminate\\Foundation\\Bootstrap\\HandleExceptions->handleException(Object(Error))
#6 {main}
"} 
[2025-10-21 13:48:16] laravel.ERROR: __VSCODE_LARAVEL_STARTUP_ERROR__: The /Users/hqm/workspaces/StuViS/bootstrap/cache directory must be present and writable. {"exception":"[object] (Error(code: 0): __VSCODE_LARAVEL_STARTUP_ERROR__: The /Users/hqm/workspaces/StuViS/bootstrap/cache directory must be present and writable. at /Users/hqm/workspaces/StuViS/vendor/_laravel_ide/discover-77e9e6a2445455b87d4f4cd834e4e23d.php:33)
[stacktrace]
#0 /Users/hqm/workspaces/StuViS/vendor/_laravel_ide/discover-77e9e6a2445455b87d4f4cd834e4e23d.php(62): LaravelVsCode::startupError(Object(Exception))
#1 {main}
"} 
[2025-10-21 13:48:16] laravel.EMERGENCY: Unable to create configured logger. Using emergency logger. {"exception":"[object] (InvalidArgumentException(code: 0): Log [] is not defined. at /Users/hqm/workspaces/StuViS/vendor/laravel/framework/src/Illuminate/Log/LogManager.php:200)
[stacktrace]
#0 /Users/hqm/workspaces/StuViS/vendor/laravel/framework/src/Illuminate/Log/LogManager.php(125): Illuminate\\Log\\LogManager->resolve(NULL, NULL)
#1 /Users/hqm/workspaces/StuViS/vendor/laravel/framework/src/Illuminate/Log/LogManager.php(112): Illuminate\\Log\\LogManager->get(NULL)
#2 /Users/hqm/workspaces/StuViS/vendor/laravel/framework/src/Illuminate/Log/LogManager.php(590): Illuminate\\Log\\LogManager->driver()
#3 /Users/hqm/workspaces/StuViS/vendor/laravel/framework/src/Illuminate/Foundation/Exceptions/Handler.php(247): Illuminate\\Log\\LogManager->error('__VSCODE_LARAVE...', Array)
#4 /Users/hqm/workspaces/StuViS/vendor/laravel/framework/src/Illuminate/Foundation/Bootstrap/HandleExceptions.php(165): Illuminate\\Foundation\\Exceptions\\Handler->report(Object(Error))
#5 [internal function]: Illuminate\\Foundation\\Bootstrap\\HandleExceptions->handleException(Object(Error))
#6 {main}
"} 
[2025-10-21 13:48:16] laravel.ERROR: __VSCODE_LARAVEL_STARTUP_ERROR__: The /Users/hqm/workspaces/StuViS/bootstrap/cache directory must be present and writable. {"exception":"[object] (Error(code: 0): __VSCODE_LARAVEL_STARTUP_ERROR__: The /Users/hqm/workspaces/StuViS/bootstrap/cache directory must be present and writable. at /Users/hqm/workspaces/StuViS/vendor/_laravel_ide/discover-1e7ea3cf42a2f9b84f3de09530e2c135.php:33)
[stacktrace]
#0 /Users/hqm/workspaces/StuViS/vendor/_laravel_ide/discover-1e7ea3cf42a2f9b84f3de09530e2c135.php(62): LaravelVsCode::startupError(Object(Exception))
#1 {main}
"} 
[2025-10-21 13:48:16] laravel.EMERGENCY: Unable to create configured logger. Using emergency logger. {"exception":"[object] (InvalidArgumentException(code: 0): Log [] is not defined. at /Users/hqm/workspaces/StuViS/vendor/laravel/framework/src/Illuminate/Log/LogManager.php:200)
[stacktrace]
#0 /Users/hqm/workspaces/StuViS/vendor/laravel/framework/src/Illuminate/Log/LogManager.php(125): Illuminate\\Log\\LogManager->resolve(NULL, NULL)
#1 /Users/hqm/workspaces/StuViS/vendor/laravel/framework/src/Illuminate/Log/LogManager.php(112): Illuminate\\Log\\LogManager->get(NULL)
#2 /Users/hqm/workspaces/StuViS/vendor/laravel/framework/src/Illuminate/Log/LogManager.php(590): Illuminate\\Log\\LogManager->driver()
#3 /Users/hqm/workspaces/StuViS/vendor/laravel/framework/src/Illuminate/Foundation/Exceptions/Handler.php(247): Illuminate\\Log\\LogManager->error('__VSCODE_LARAVE...', Array)
#4 /Users/hqm/workspaces/StuViS/vendor/laravel/framework/src/Illuminate/Foundation/Bootstrap/HandleExceptions.php(165): Illuminate\\Foundation\\Exceptions\\Handler->report(Object(Error))
#5 [internal function]: Illuminate\\Foundation\\Bootstrap\\HandleExceptions->handleException(Object(Error))
#6 {main}
"} 
[2025-10-21 13:48:16] laravel.ERROR: __VSCODE_LARAVEL_STARTUP_ERROR__: The /Users/hqm/workspaces/StuViS/bootstrap/cache directory must be present and writable. {"exception":"[object] (Error(code: 0): __VSCODE_LARAVEL_STARTUP_ERROR__: The /Users/hqm/workspaces/StuViS/bootstrap/cache directory must be present and writable. at /Users/hqm/workspaces/StuViS/vendor/_laravel_ide/discover-6d96201ad95cad12367117063c707ebf.php:33)
[stacktrace]
#0 /Users/hqm/workspaces/StuViS/vendor/_laravel_ide/discover-6d96201ad95cad12367117063c707ebf.php(62): LaravelVsCode::startupError(Object(Exception))
#1 {main}
"} 
[2025-10-21 13:48:16] laravel.EMERGENCY: Unable to create configured logger. Using emergency logger. {"exception":"[object] (InvalidArgumentException(code: 0): Log [] is not defined. at /Users/hqm/workspaces/StuViS/vendor/laravel/framework/src/Illuminate/Log/LogManager.php:200)
[stacktrace]
#0 /Users/hqm/workspaces/StuViS/vendor/laravel/framework/src/Illuminate/Log/LogManager.php(125): Illuminate\\Log\\LogManager->resolve(NULL, NULL)
#1 /Users/hqm/workspaces/StuViS/vendor/laravel/framework/src/Illuminate/Log/LogManager.php(112): Illuminate\\Log\\LogManager->get(NULL)
#2 /Users/hqm/workspaces/StuViS/vendor/laravel/framework/src/Illuminate/Log/LogManager.php(590): Illuminate\\Log\\LogManager->driver()
#3 /Users/hqm/workspaces/StuViS/vendor/laravel/framework/src/Illuminate/Foundation/Exceptions/Handler.php(247): Illuminate\\Log\\LogManager->error('__VSCODE_LARAVE...', Array)
#4 /Users/hqm/workspaces/StuViS/vendor/laravel/framework/src/Illuminate/Foundation/Bootstrap/HandleExceptions.php(165): Illuminate\\Foundation\\Exceptions\\Handler->report(Object(Error))
#5 [internal function]: Illuminate\\Foundation\\Bootstrap\\HandleExceptions->handleException(Object(Error))
#6 {main}
"} 
[2025-10-21 13:48:16] laravel.ERROR: __VSCODE_LARAVEL_STARTUP_ERROR__: The /Users/hqm/workspaces/StuViS/bootstrap/cache directory must be present and writable. {"exception":"[object] (Error(code: 0): __VSCODE_LARAVEL_STARTUP_ERROR__: The /Users/hqm/workspaces/StuViS/bootstrap/cache directory must be present and writable. at /Users/hqm/workspaces/StuViS/vendor/_laravel_ide/discover-79de9752f999b6e261cd05abba67a5ce.php:33)
[stacktrace]
#0 /Users/hqm/workspaces/StuViS/vendor/_laravel_ide/discover-79de9752f999b6e261cd05abba67a5ce.php(62): LaravelVsCode::startupError(Object(Exception))
#1 {main}
"} 
[2025-10-21 13:48:16] laravel.EMERGENCY: Unable to create configured logger. Using emergency logger. {"exception":"[object] (InvalidArgumentException(code: 0): Log [] is not defined. at /Users/hqm/workspaces/StuViS/vendor/laravel/framework/src/Illuminate/Log/LogManager.php:200)
[stacktrace]
#0 /Users/hqm/workspaces/StuViS/vendor/laravel/framework/src/Illuminate/Log/LogManager.php(125): Illuminate\\Log\\LogManager->resolve(NULL, NULL)
#1 /Users/hqm/workspaces/StuViS/vendor/laravel/framework/src/Illuminate/Log/LogManager.php(112): Illuminate\\Log\\LogManager->get(NULL)
#2 /Users/hqm/workspaces/StuViS/vendor/laravel/framework/src/Illuminate/Log/LogManager.php(590): Illuminate\\Log\\LogManager->driver()
#3 /Users/hqm/workspaces/StuViS/vendor/laravel/framework/src/Illuminate/Foundation/Exceptions/Handler.php(247): Illuminate\\Log\\LogManager->error('__VSCODE_LARAVE...', Array)
#4 /Users/hqm/workspaces/StuViS/vendor/laravel/framework/src/Illuminate/Foundation/Bootstrap/HandleExceptions.php(165): Illuminate\\Foundation\\Exceptions\\Handler->report(Object(Error))
#5 [internal function]: Illuminate\\Foundation\\Bootstrap\\HandleExceptions->handleException(Object(Error))
#6 {main}
"} 
[2025-10-21 13:48:16] laravel.ERROR: __VSCODE_LARAVEL_STARTUP_ERROR__: The /Users/hqm/workspaces/StuViS/bootstrap/cache directory must be present and writable. {"exception":"[object] (Error(code: 0): __VSCODE_LARAVEL_STARTUP_ERROR__: The /Users/hqm/workspaces/StuViS/bootstrap/cache directory must be present and writable. at /Users/hqm/workspaces/StuViS/vendor/_laravel_ide/discover-f6c2bb05e77ee582c501379f6998f2c4.php:33)
[stacktrace]
#0 /Users/hqm/workspaces/StuViS/vendor/_laravel_ide/discover-f6c2bb05e77ee582c501379f6998f2c4.php(62): LaravelVsCode::startupError(Object(Exception))
#1 {main}
"} 
[2025-10-21 13:48:16] laravel.EMERGENCY: Unable to create configured logger. Using emergency logger. {"exception":"[object] (InvalidArgumentException(code: 0): Log [] is not defined. at /Users/hqm/workspaces/StuViS/vendor/laravel/framework/src/Illuminate/Log/LogManager.php:200)
[stacktrace]
#0 /Users/hqm/workspaces/StuViS/vendor/laravel/framework/src/Illuminate/Log/LogManager.php(125): Illuminate\\Log\\LogManager->resolve(NULL, NULL)
#1 /Users/hqm/workspaces/StuViS/vendor/laravel/framework/src/Illuminate/Log/LogManager.php(112): Illuminate\\Log\\LogManager->get(NULL)
#2 /Users/hqm/workspaces/StuViS/vendor/laravel/framework/src/Illuminate/Log/LogManager.php(590): Illuminate\\Log\\LogManager->driver()
#3 /Users/hqm/workspaces/StuViS/vendor/laravel/framework/src/Illuminate/Foundation/Exceptions/Handler.php(247): Illuminate\\Log\\LogManager->error('__VSCODE_LARAVE...', Array)
#4 /Users/hqm/workspaces/StuViS/vendor/laravel/framework/src/Illuminate/Foundation/Bootstrap/HandleExceptions.php(165): Illuminate\\Foundation\\Exceptions\\Handler->report(Object(Error))
#5 [internal function]: Illuminate\\Foundation\\Bootstrap\\HandleExceptions->handleException(Object(Error))
#6 {main}
"} 
[2025-10-21 13:48:16] laravel.ERROR: __VSCODE_LARAVEL_STARTUP_ERROR__: The /Users/hqm/workspaces/StuViS/bootstrap/cache directory must be present and writable. {"exception":"[object] (Error(code: 0): __VSCODE_LARAVEL_STARTUP_ERROR__: The /Users/hqm/workspaces/StuViS/bootstrap/cache directory must be present and writable. at /Users/hqm/workspaces/StuViS/vendor/_laravel_ide/discover-77e9e6a2445455b87d4f4cd834e4e23d.php:33)
[stacktrace]
#0 /Users/hqm/workspaces/StuViS/vendor/_laravel_ide/discover-77e9e6a2445455b87d4f4cd834e4e23d.php(62): LaravelVsCode::startupError(Object(Exception))
#1 {main}
"} 
[2025-10-21 13:48:45] laravel.EMERGENCY: Unable to create configured logger. Using emergency logger. {"exception":"[object] (InvalidArgumentException(code: 0): Log [] is not defined. at /Users/hqm/workspaces/StuViS/vendor/laravel/framework/src/Illuminate/Log/LogManager.php:200)
[stacktrace]
#0 /Users/hqm/workspaces/StuViS/vendor/laravel/framework/src/Illuminate/Log/LogManager.php(125): Illuminate\\Log\\LogManager->resolve(NULL, NULL)
#1 /Users/hqm/workspaces/StuViS/vendor/laravel/framework/src/Illuminate/Log/LogManager.php(112): Illuminate\\Log\\LogManager->get(NULL)
#2 /Users/hqm/workspaces/StuViS/vendor/laravel/framework/src/Illuminate/Log/LogManager.php(590): Illuminate\\Log\\LogManager->driver()
#3 /Users/hqm/workspaces/StuViS/vendor/laravel/framework/src/Illuminate/Foundation/Exceptions/Handler.php(247): Illuminate\\Log\\LogManager->error('Target class [f...', Array)
#4 /Users/hqm/workspaces/StuViS/vendor/nunomaduro/collision/src/Adapters/Laravel/ExceptionHandler.php(46): Illuminate\\Foundation\\Exceptions\\Handler->report(Object(Illuminate\\Contracts\\Container\\BindingResolutionException))
#5 /Users/hqm/workspaces/StuViS/vendor/laravel/framework/src/Illuminate/Foundation/Console/Kernel.php(366): NunoMaduro\\Collision\\Adapters\\Laravel\\ExceptionHandler->report(Object(Illuminate\\Contracts\\Container\\BindingResolutionException))
#6 /Users/hqm/workspaces/StuViS/vendor/laravel/framework/src/Illuminate/Foundation/Console/Kernel.php(131): Illuminate\\Foundation\\Console\\Kernel->reportException(Object(Illuminate\\Contracts\\Container\\BindingResolutionException))
#7 /Users/hqm/workspaces/StuViS/artisan(9): Illuminate\\Foundation\\Console\\Kernel->handle(Object(Symfony\\Component\\Console\\Input\\ArgvInput), Object(Symfony\\Component\\Console\\Output\\ConsoleOutput))
#8 {main}
"} 
[2025-10-21 13:48:45] laravel.ERROR: Target class [files] does not exist. {"exception":"[object] (Illuminate\\Contracts\\Container\\BindingResolutionException(code: 0): Target class [files] does not exist. at /Users/hqm/workspaces/StuViS/vendor/laravel/framework/src/Illuminate/Container/Container.php:879)
[stacktrace]
#0 /Users/hqm/workspaces/StuViS/vendor/laravel/framework/src/Illuminate/Container/Container.php(758): Illuminate\\Container\\Container->build('files')
#1 /Users/hqm/workspaces/StuViS/vendor/laravel/framework/src/Illuminate/Foundation/Application.php(853): Illuminate\\Container\\Container->resolve('files', Array, true)
#2 /Users/hqm/workspaces/StuViS/vendor/laravel/framework/src/Illuminate/Container/Container.php(694): Illuminate\\Foundation\\Application->resolve('files', Array)
#3 /Users/hqm/workspaces/StuViS/vendor/laravel/framework/src/Illuminate/Foundation/Application.php(838): Illuminate\\Container\\Container->make('files', Array)
#4 /Users/hqm/workspaces/StuViS/vendor/laravel/framework/src/Illuminate/Container/Container.php(1419): Illuminate\\Foundation\\Application->make('files')
#5 /Users/hqm/workspaces/StuViS/vendor/laravel/framework/src/Illuminate/Foundation/Application.php(1043): Illuminate\\Container\\Container->offsetGet('files')
#6 /Users/hqm/workspaces/StuViS/vendor/laravel/sanctum/src/SanctumServiceProvider.php(82): Illuminate\\Foundation\\Application->routesAreCached()
#7 /Users/hqm/workspaces/StuViS/vendor/laravel/sanctum/src/SanctumServiceProvider.php(58): Laravel\\Sanctum\\SanctumServiceProvider->defineRoutes()
#8 /Users/hqm/workspaces/StuViS/vendor/laravel/framework/src/Illuminate/Container/BoundMethod.php(36): Laravel\\Sanctum\\SanctumServiceProvider->boot()
#9 /Users/hqm/workspaces/StuViS/vendor/laravel/framework/src/Illuminate/Container/Util.php(40): Illuminate\\Container\\BoundMethod::{closure:Illuminate\\Container\\BoundMethod::call():35}()
#10 /Users/hqm/workspaces/StuViS/vendor/laravel/framework/src/Illuminate/Container/BoundMethod.php(93): Illuminate\\Container\\Util::unwrapIfClosure(Object(Closure))
#11 /Users/hqm/workspaces/StuViS/vendor/laravel/framework/src/Illuminate/Container/BoundMethod.php(35): Illuminate\\Container\\BoundMethod::callBoundMethod(Object(Illuminate\\Foundation\\Application), Array, Object(Closure))
#12 /Users/hqm/workspaces/StuViS/vendor/laravel/framework/src/Illuminate/Container/Container.php(653): Illuminate\\Container\\BoundMethod::call(Object(Illuminate\\Foundation\\Application), Array, Array, NULL)
#13 /Users/hqm/workspaces/StuViS/vendor/laravel/framework/src/Illuminate/Foundation/Application.php(926): Illuminate\\Container\\Container->call(Array)
#14 /Users/hqm/workspaces/StuViS/vendor/laravel/framework/src/Illuminate/Foundation/Application.php(907): Illuminate\\Foundation\\Application->bootProvider(Object(Laravel\\Sanctum\\SanctumServiceProvider))
#15 [internal function]: Illuminate\\Foundation\\Application->{closure:Illuminate\\Foundation\\Application::boot():906}(Object(Laravel\\Sanctum\\SanctumServiceProvider), 8)
#16 /Users/hqm/workspaces/StuViS/vendor/laravel/framework/src/Illuminate/Foundation/Application.php(906): array_walk(Array, Object(Closure))
#17 /Users/hqm/workspaces/StuViS/vendor/laravel/framework/src/Illuminate/Foundation/Bootstrap/BootProviders.php(17): Illuminate\\Foundation\\Application->boot()
#18 /Users/hqm/workspaces/StuViS/vendor/laravel/framework/src/Illuminate/Foundation/Application.php(237): Illuminate\\Foundation\\Bootstrap\\BootProviders->bootstrap(Object(Illuminate\\Foundation\\Application))
#19 /Users/hqm/workspaces/StuViS/vendor/laravel/framework/src/Illuminate/Foundation/Console/Kernel.php(310): Illuminate\\Foundation\\Application->bootstrapWith(Array)
#20 /Users/hqm/workspaces/StuViS/vendor/laravel/framework/src/Illuminate/Foundation/Console/Kernel.php(127): Illuminate\\Foundation\\Console\\Kernel->bootstrap()
#21 /Users/hqm/workspaces/StuViS/artisan(9): Illuminate\\Foundation\\Console\\Kernel->handle(Object(Symfony\\Component\\Console\\Input\\ArgvInput), Object(Symfony\\Component\\Console\\Output\\ConsoleOutput))
#22 {main}

[previous exception] [object] (ReflectionException(code: -1): Class \"files\" does not exist at /Users/hqm/workspaces/StuViS/vendor/laravel/framework/src/Illuminate/Container/Container.php:877)
[stacktrace]
#0 /Users/hqm/workspaces/StuViS/vendor/laravel/framework/src/Illuminate/Container/Container.php(877): ReflectionClass->__construct('files')
#1 /Users/hqm/workspaces/StuViS/vendor/laravel/framework/src/Illuminate/Container/Container.php(758): Illuminate\\Container\\Container->build('files')
#2 /Users/hqm/workspaces/StuViS/vendor/laravel/framework/src/Illuminate/Foundation/Application.php(853): Illuminate\\Container\\Container->resolve('files', Array, true)
#3 /Users/hqm/workspaces/StuViS/vendor/laravel/framework/src/Illuminate/Container/Container.php(694): Illuminate\\Foundation\\Application->resolve('files', Array)
#4 /Users/hqm/workspaces/StuViS/vendor/laravel/framework/src/Illuminate/Foundation/Application.php(838): Illuminate\\Container\\Container->make('files', Array)
#5 /Users/hqm/workspaces/StuViS/vendor/laravel/framework/src/Illuminate/Container/Container.php(1419): Illuminate\\Foundation\\Application->make('files')
#6 /Users/hqm/workspaces/StuViS/vendor/laravel/framework/src/Illuminate/Foundation/Application.php(1043): Illuminate\\Container\\Container->offsetGet('files')
#7 /Users/hqm/workspaces/StuViS/vendor/laravel/sanctum/src/SanctumServiceProvider.php(82): Illuminate\\Foundation\\Application->routesAreCached()
#8 /Users/hqm/workspaces/StuViS/vendor/laravel/sanctum/src/SanctumServiceProvider.php(58): Laravel\\Sanctum\\SanctumServiceProvider->defineRoutes()
#9 /Users/hqm/workspaces/StuViS/vendor/laravel/framework/src/Illuminate/Container/BoundMethod.php(36): Laravel\\Sanctum\\SanctumServiceProvider->boot()
#10 /Users/hqm/workspaces/StuViS/vendor/laravel/framework/src/Illuminate/Container/Util.php(40): Illuminate\\Container\\BoundMethod::{closure:Illuminate\\Container\\BoundMethod::call():35}()
#11 /Users/hqm/workspaces/StuViS/vendor/laravel/framework/src/Illuminate/Container/BoundMethod.php(93): Illuminate\\Container\\Util::unwrapIfClosure(Object(Closure))
#12 /Users/hqm/workspaces/StuViS/vendor/laravel/framework/src/Illuminate/Container/BoundMethod.php(35): Illuminate\\Container\\BoundMethod::callBoundMethod(Object(Illuminate\\Foundation\\Application), Array, Object(Closure))
#13 /Users/hqm/workspaces/StuViS/vendor/laravel/framework/src/Illuminate/Container/Container.php(653): Illuminate\\Container\\BoundMethod::call(Object(Illuminate\\Foundation\\Application), Array, Array, NULL)
#14 /Users/hqm/workspaces/StuViS/vendor/laravel/framework/src/Illuminate/Foundation/Application.php(926): Illuminate\\Container\\Container->call(Array)
#15 /Users/hqm/workspaces/StuViS/vendor/laravel/framework/src/Illuminate/Foundation/Application.php(907): Illuminate\\Foundation\\Application->bootProvider(Object(Laravel\\Sanctum\\SanctumServiceProvider))
#16 [internal function]: Illuminate\\Foundation\\Application->{closure:Illuminate\\Foundation\\Application::boot():906}(Object(Laravel\\Sanctum\\SanctumServiceProvider), 8)
#17 /Users/hqm/workspaces/StuViS/vendor/laravel/framework/src/Illuminate/Foundation/Application.php(906): array_walk(Array, Object(Closure))
#18 /Users/hqm/workspaces/StuViS/vendor/laravel/framework/src/Illuminate/Foundation/Bootstrap/BootProviders.php(17): Illuminate\\Foundation\\Application->boot()
#19 /Users/hqm/workspaces/StuViS/vendor/laravel/framework/src/Illuminate/Foundation/Application.php(237): Illuminate\\Foundation\\Bootstrap\\BootProviders->bootstrap(Object(Illuminate\\Foundation\\Application))
#20 /Users/hqm/workspaces/StuViS/vendor/laravel/framework/src/Illuminate/Foundation/Console/Kernel.php(310): Illuminate\\Foundation\\Application->bootstrapWith(Array)
#21 /Users/hqm/workspaces/StuViS/vendor/laravel/framework/src/Illuminate/Foundation/Console/Kernel.php(127): Illuminate\\Foundation\\Console\\Kernel->bootstrap()
#22 /Users/hqm/workspaces/StuViS/artisan(9): Illuminate\\Foundation\\Console\\Kernel->handle(Object(Symfony\\Component\\Console\\Input\\ArgvInput), Object(Symfony\\Component\\Console\\Output\\ConsoleOutput))
#23 {main}
"} 
[2025-10-21 13:49:58] laravel.EMERGENCY: Unable to create configured logger. Using emergency logger. {"exception":"[object] (InvalidArgumentException(code: 0): Log [] is not defined. at /Users/hqm/workspaces/StuViS/vendor/laravel/framework/src/Illuminate/Log/LogManager.php:200)
[stacktrace]
#0 /Users/hqm/workspaces/StuViS/vendor/laravel/framework/src/Illuminate/Log/LogManager.php(125): Illuminate\\Log\\LogManager->resolve(NULL, NULL)
#1 /Users/hqm/workspaces/StuViS/vendor/laravel/framework/src/Illuminate/Log/LogManager.php(112): Illuminate\\Log\\LogManager->get(NULL)
#2 /Users/hqm/workspaces/StuViS/vendor/laravel/framework/src/Illuminate/Log/LogManager.php(590): Illuminate\\Log\\LogManager->driver()
#3 /Users/hqm/workspaces/StuViS/vendor/laravel/framework/src/Illuminate/Foundation/Exceptions/Handler.php(247): Illuminate\\Log\\LogManager->error('Target class [f...', Array)
#4 /Users/hqm/workspaces/StuViS/vendor/nunomaduro/collision/src/Adapters/Laravel/ExceptionHandler.php(46): Illuminate\\Foundation\\Exceptions\\Handler->report(Object(Illuminate\\Contracts\\Container\\BindingResolutionException))
#5 /Users/hqm/workspaces/StuViS/vendor/laravel/framework/src/Illuminate/Foundation/Console/Kernel.php(366): NunoMaduro\\Collision\\Adapters\\Laravel\\ExceptionHandler->report(Object(Illuminate\\Contracts\\Container\\BindingResolutionException))
#6 /Users/hqm/workspaces/StuViS/vendor/laravel/framework/src/Illuminate/Foundation/Console/Kernel.php(131): Illuminate\\Foundation\\Console\\Kernel->reportException(Object(Illuminate\\Contracts\\Container\\BindingResolutionException))
#7 /Users/hqm/workspaces/StuViS/artisan(9): Illuminate\\Foundation\\Console\\Kernel->handle(Object(Symfony\\Component\\Console\\Input\\ArgvInput), Object(Symfony\\Component\\Console\\Output\\ConsoleOutput))
#8 {main}
"} 
[2025-10-21 13:49:58] laravel.ERROR: Target class [files] does not exist. {"exception":"[object] (Illuminate\\Contracts\\Container\\BindingResolutionException(code: 0): Target class [files] does not exist. at /Users/hqm/workspaces/StuViS/vendor/laravel/framework/src/Illuminate/Container/Container.php:879)
[stacktrace]
#0 /Users/hqm/workspaces/StuViS/vendor/laravel/framework/src/Illuminate/Container/Container.php(758): Illuminate\\Container\\Container->build('files')
#1 /Users/hqm/workspaces/StuViS/vendor/laravel/framework/src/Illuminate/Foundation/Application.php(853): Illuminate\\Container\\Container->resolve('files', Array, true)
#2 /Users/hqm/workspaces/StuViS/vendor/laravel/framework/src/Illuminate/Container/Container.php(694): Illuminate\\Foundation\\Application->resolve('files', Array)
#3 /Users/hqm/workspaces/StuViS/vendor/laravel/framework/src/Illuminate/Foundation/Application.php(838): Illuminate\\Container\\Container->make('files', Array)
#4 /Users/hqm/workspaces/StuViS/vendor/laravel/framework/src/Illuminate/Container/Container.php(1419): Illuminate\\Foundation\\Application->make('files')
#5 /Users/hqm/workspaces/StuViS/vendor/laravel/framework/src/Illuminate/Foundation/Application.php(1043): Illuminate\\Container\\Container->offsetGet('files')
#6 /Users/hqm/workspaces/StuViS/vendor/laravel/sanctum/src/SanctumServiceProvider.php(82): Illuminate\\Foundation\\Application->routesAreCached()
#7 /Users/hqm/workspaces/StuViS/vendor/laravel/sanctum/src/SanctumServiceProvider.php(58): Laravel\\Sanctum\\SanctumServiceProvider->defineRoutes()
#8 /Users/hqm/workspaces/StuViS/vendor/laravel/framework/src/Illuminate/Container/BoundMethod.php(36): Laravel\\Sanctum\\SanctumServiceProvider->boot()
#9 /Users/hqm/workspaces/StuViS/vendor/laravel/framework/src/Illuminate/Container/Util.php(40): Illuminate\\Container\\BoundMethod::{closure:Illuminate\\Container\\BoundMethod::call():35}()
#10 /Users/hqm/workspaces/StuViS/vendor/laravel/framework/src/Illuminate/Container/BoundMethod.php(93): Illuminate\\Container\\Util::unwrapIfClosure(Object(Closure))
#11 /Users/hqm/workspaces/StuViS/vendor/laravel/framework/src/Illuminate/Container/BoundMethod.php(35): Illuminate\\Container\\BoundMethod::callBoundMethod(Object(Illuminate\\Foundation\\Application), Array, Object(Closure))
#12 /Users/hqm/workspaces/StuViS/vendor/laravel/framework/src/Illuminate/Container/Container.php(653): Illuminate\\Container\\BoundMethod::call(Object(Illuminate\\Foundation\\Application), Array, Array, NULL)
#13 /Users/hqm/workspaces/StuViS/vendor/laravel/framework/src/Illuminate/Foundation/Application.php(926): Illuminate\\Container\\Container->call(Array)
#14 /Users/hqm/workspaces/StuViS/vendor/laravel/framework/src/Illuminate/Foundation/Application.php(907): Illuminate\\Foundation\\Application->bootProvider(Object(Laravel\\Sanctum\\SanctumServiceProvider))
#15 [internal function]: Illuminate\\Foundation\\Application->{closure:Illuminate\\Foundation\\Application::boot():906}(Object(Laravel\\Sanctum\\SanctumServiceProvider), 8)
#16 /Users/hqm/workspaces/StuViS/vendor/laravel/framework/src/Illuminate/Foundation/Application.php(906): array_walk(Array, Object(Closure))
#17 /Users/hqm/workspaces/StuViS/vendor/laravel/framework/src/Illuminate/Foundation/Bootstrap/BootProviders.php(17): Illuminate\\Foundation\\Application->boot()
#18 /Users/hqm/workspaces/StuViS/vendor/laravel/framework/src/Illuminate/Foundation/Application.php(237): Illuminate\\Foundation\\Bootstrap\\BootProviders->bootstrap(Object(Illuminate\\Foundation\\Application))
#19 /Users/hqm/workspaces/StuViS/vendor/laravel/framework/src/Illuminate/Foundation/Console/Kernel.php(310): Illuminate\\Foundation\\Application->bootstrapWith(Array)
#20 /Users/hqm/workspaces/StuViS/vendor/laravel/framework/src/Illuminate/Foundation/Console/Kernel.php(127): Illuminate\\Foundation\\Console\\Kernel->bootstrap()
#21 /Users/hqm/workspaces/StuViS/artisan(9): Illuminate\\Foundation\\Console\\Kernel->handle(Object(Symfony\\Component\\Console\\Input\\ArgvInput), Object(Symfony\\Component\\Console\\Output\\ConsoleOutput))
#22 {main}

[previous exception] [object] (ReflectionException(code: -1): Class \"files\" does not exist at /Users/hqm/workspaces/StuViS/vendor/laravel/framework/src/Illuminate/Container/Container.php:877)
[stacktrace]
#0 /Users/hqm/workspaces/StuViS/vendor/laravel/framework/src/Illuminate/Container/Container.php(877): ReflectionClass->__construct('files')
#1 /Users/hqm/workspaces/StuViS/vendor/laravel/framework/src/Illuminate/Container/Container.php(758): Illuminate\\Container\\Container->build('files')
#2 /Users/hqm/workspaces/StuViS/vendor/laravel/framework/src/Illuminate/Foundation/Application.php(853): Illuminate\\Container\\Container->resolve('files', Array, true)
#3 /Users/hqm/workspaces/StuViS/vendor/laravel/framework/src/Illuminate/Container/Container.php(694): Illuminate\\Foundation\\Application->resolve('files', Array)
#4 /Users/hqm/workspaces/StuViS/vendor/laravel/framework/src/Illuminate/Foundation/Application.php(838): Illuminate\\Container\\Container->make('files', Array)
#5 /Users/hqm/workspaces/StuViS/vendor/laravel/framework/src/Illuminate/Container/Container.php(1419): Illuminate\\Foundation\\Application->make('files')
#6 /Users/hqm/workspaces/StuViS/vendor/laravel/framework/src/Illuminate/Foundation/Application.php(1043): Illuminate\\Container\\Container->offsetGet('files')
#7 /Users/hqm/workspaces/StuViS/vendor/laravel/sanctum/src/SanctumServiceProvider.php(82): Illuminate\\Foundation\\Application->routesAreCached()
#8 /Users/hqm/workspaces/StuViS/vendor/laravel/sanctum/src/SanctumServiceProvider.php(58): Laravel\\Sanctum\\SanctumServiceProvider->defineRoutes()
#9 /Users/hqm/workspaces/StuViS/vendor/laravel/framework/src/Illuminate/Container/BoundMethod.php(36): Laravel\\Sanctum\\SanctumServiceProvider->boot()
#10 /Users/hqm/workspaces/StuViS/vendor/laravel/framework/src/Illuminate/Container/Util.php(40): Illuminate\\Container\\BoundMethod::{closure:Illuminate\\Container\\BoundMethod::call():35}()
#11 /Users/hqm/workspaces/StuViS/vendor/laravel/framework/src/Illuminate/Container/BoundMethod.php(93): Illuminate\\Container\\Util::unwrapIfClosure(Object(Closure))
#12 /Users/hqm/workspaces/StuViS/vendor/laravel/framework/src/Illuminate/Container/BoundMethod.php(35): Illuminate\\Container\\BoundMethod::callBoundMethod(Object(Illuminate\\Foundation\\Application), Array, Object(Closure))
#13 /Users/hqm/workspaces/StuViS/vendor/laravel/framework/src/Illuminate/Container/Container.php(653): Illuminate\\Container\\BoundMethod::call(Object(Illuminate\\Foundation\\Application), Array, Array, NULL)
#14 /Users/hqm/workspaces/StuViS/vendor/laravel/framework/src/Illuminate/Foundation/Application.php(926): Illuminate\\Container\\Container->call(Array)
#15 /Users/hqm/workspaces/StuViS/vendor/laravel/framework/src/Illuminate/Foundation/Application.php(907): Illuminate\\Foundation\\Application->bootProvider(Object(Laravel\\Sanctum\\SanctumServiceProvider))
#16 [internal function]: Illuminate\\Foundation\\Application->{closure:Illuminate\\Foundation\\Application::boot():906}(Object(Laravel\\Sanctum\\SanctumServiceProvider), 8)
#17 /Users/hqm/workspaces/StuViS/vendor/laravel/framework/src/Illuminate/Foundation/Application.php(906): array_walk(Array, Object(Closure))
#18 /Users/hqm/workspaces/StuViS/vendor/laravel/framework/src/Illuminate/Foundation/Bootstrap/BootProviders.php(17): Illuminate\\Foundation\\Application->boot()
#19 /Users/hqm/workspaces/StuViS/vendor/laravel/framework/src/Illuminate/Foundation/Application.php(237): Illuminate\\Foundation\\Bootstrap\\BootProviders->bootstrap(Object(Illuminate\\Foundation\\Application))
#20 /Users/hqm/workspaces/StuViS/vendor/laravel/framework/src/Illuminate/Foundation/Console/Kernel.php(310): Illuminate\\Foundation\\Application->bootstrapWith(Array)
#21 /Users/hqm/workspaces/StuViS/vendor/laravel/framework/src/Illuminate/Foundation/Console/Kernel.php(127): Illuminate\\Foundation\\Console\\Kernel->bootstrap()
#22 /Users/hqm/workspaces/StuViS/artisan(9): Illuminate\\Foundation\\Console\\Kernel->handle(Object(Symfony\\Component\\Console\\Input\\ArgvInput), Object(Symfony\\Component\\Console\\Output\\ConsoleOutput))
#23 {main}
"} 
[2025-10-21 13:50:14] laravel.EMERGENCY: Unable to create configured logger. Using emergency logger. {"exception":"[object] (InvalidArgumentException(code: 0): Log [] is not defined. at /Users/hqm/workspaces/StuViS/vendor/laravel/framework/src/Illuminate/Log/LogManager.php:200)
[stacktrace]
#0 /Users/hqm/workspaces/StuViS/vendor/laravel/framework/src/Illuminate/Log/LogManager.php(125): Illuminate\\Log\\LogManager->resolve(NULL, NULL)
#1 /Users/hqm/workspaces/StuViS/vendor/laravel/framework/src/Illuminate/Log/LogManager.php(112): Illuminate\\Log\\LogManager->get(NULL)
#2 /Users/hqm/workspaces/StuViS/vendor/laravel/framework/src/Illuminate/Log/LogManager.php(590): Illuminate\\Log\\LogManager->driver()
#3 /Users/hqm/workspaces/StuViS/vendor/laravel/framework/src/Illuminate/Foundation/Exceptions/Handler.php(247): Illuminate\\Log\\LogManager->error('Target class [f...', Array)
#4 /Users/hqm/workspaces/StuViS/vendor/nunomaduro/collision/src/Adapters/Laravel/ExceptionHandler.php(46): Illuminate\\Foundation\\Exceptions\\Handler->report(Object(Illuminate\\Contracts\\Container\\BindingResolutionException))
#5 /Users/hqm/workspaces/StuViS/vendor/laravel/framework/src/Illuminate/Foundation/Console/Kernel.php(366): NunoMaduro\\Collision\\Adapters\\Laravel\\ExceptionHandler->report(Object(Illuminate\\Contracts\\Container\\BindingResolutionException))
#6 /Users/hqm/workspaces/StuViS/vendor/laravel/framework/src/Illuminate/Foundation/Console/Kernel.php(131): Illuminate\\Foundation\\Console\\Kernel->reportException(Object(Illuminate\\Contracts\\Container\\BindingResolutionException))
#7 /Users/hqm/workspaces/StuViS/artisan(9): Illuminate\\Foundation\\Console\\Kernel->handle(Object(Symfony\\Component\\Console\\Input\\ArgvInput), Object(Symfony\\Component\\Console\\Output\\ConsoleOutput))
#8 {main}
"} 
[2025-10-21 13:50:14] laravel.ERROR: Target class [files] does not exist. {"exception":"[object] (Illuminate\\Contracts\\Container\\BindingResolutionException(code: 0): Target class [files] does not exist. at /Users/hqm/workspaces/StuViS/vendor/laravel/framework/src/Illuminate/Container/Container.php:879)
[stacktrace]
#0 /Users/hqm/workspaces/StuViS/vendor/laravel/framework/src/Illuminate/Container/Container.php(758): Illuminate\\Container\\Container->build('files')
#1 /Users/hqm/workspaces/StuViS/vendor/laravel/framework/src/Illuminate/Foundation/Application.php(853): Illuminate\\Container\\Container->resolve('files', Array, true)
#2 /Users/hqm/workspaces/StuViS/vendor/laravel/framework/src/Illuminate/Container/Container.php(694): Illuminate\\Foundation\\Application->resolve('files', Array)
#3 /Users/hqm/workspaces/StuViS/vendor/laravel/framework/src/Illuminate/Foundation/Application.php(838): Illuminate\\Container\\Container->make('files', Array)
#4 /Users/hqm/workspaces/StuViS/vendor/laravel/framework/src/Illuminate/Container/Container.php(1419): Illuminate\\Foundation\\Application->make('files')
#5 /Users/hqm/workspaces/StuViS/vendor/laravel/framework/src/Illuminate/Foundation/Application.php(1043): Illuminate\\Container\\Container->offsetGet('files')
#6 /Users/hqm/workspaces/StuViS/vendor/laravel/sanctum/src/SanctumServiceProvider.php(82): Illuminate\\Foundation\\Application->routesAreCached()
#7 /Users/hqm/workspaces/StuViS/vendor/laravel/sanctum/src/SanctumServiceProvider.php(58): Laravel\\Sanctum\\SanctumServiceProvider->defineRoutes()
#8 /Users/hqm/workspaces/StuViS/vendor/laravel/framework/src/Illuminate/Container/BoundMethod.php(36): Laravel\\Sanctum\\SanctumServiceProvider->boot()
#9 /Users/hqm/workspaces/StuViS/vendor/laravel/framework/src/Illuminate/Container/Util.php(40): Illuminate\\Container\\BoundMethod::{closure:Illuminate\\Container\\BoundMethod::call():35}()
#10 /Users/hqm/workspaces/StuViS/vendor/laravel/framework/src/Illuminate/Container/BoundMethod.php(93): Illuminate\\Container\\Util::unwrapIfClosure(Object(Closure))
#11 /Users/hqm/workspaces/StuViS/vendor/laravel/framework/src/Illuminate/Container/BoundMethod.php(35): Illuminate\\Container\\BoundMethod::callBoundMethod(Object(Illuminate\\Foundation\\Application), Array, Object(Closure))
#12 /Users/hqm/workspaces/StuViS/vendor/laravel/framework/src/Illuminate/Container/Container.php(653): Illuminate\\Container\\BoundMethod::call(Object(Illuminate\\Foundation\\Application), Array, Array, NULL)
#13 /Users/hqm/workspaces/StuViS/vendor/laravel/framework/src/Illuminate/Foundation/Application.php(926): Illuminate\\Container\\Container->call(Array)
#14 /Users/hqm/workspaces/StuViS/vendor/laravel/framework/src/Illuminate/Foundation/Application.php(907): Illuminate\\Foundation\\Application->bootProvider(Object(Laravel\\Sanctum\\SanctumServiceProvider))
#15 [internal function]: Illuminate\\Foundation\\Application->{closure:Illuminate\\Foundation\\Application::boot():906}(Object(Laravel\\Sanctum\\SanctumServiceProvider), 8)
#16 /Users/hqm/workspaces/StuViS/vendor/laravel/framework/src/Illuminate/Foundation/Application.php(906): array_walk(Array, Object(Closure))
#17 /Users/hqm/workspaces/StuViS/vendor/laravel/framework/src/Illuminate/Foundation/Bootstrap/BootProviders.php(17): Illuminate\\Foundation\\Application->boot()
#18 /Users/hqm/workspaces/StuViS/vendor/laravel/framework/src/Illuminate/Foundation/Application.php(237): Illuminate\\Foundation\\Bootstrap\\BootProviders->bootstrap(Object(Illuminate\\Foundation\\Application))
#19 /Users/hqm/workspaces/StuViS/vendor/laravel/framework/src/Illuminate/Foundation/Console/Kernel.php(310): Illuminate\\Foundation\\Application->bootstrapWith(Array)
#20 /Users/hqm/workspaces/StuViS/vendor/laravel/framework/src/Illuminate/Foundation/Console/Kernel.php(127): Illuminate\\Foundation\\Console\\Kernel->bootstrap()
#21 /Users/hqm/workspaces/StuViS/artisan(9): Illuminate\\Foundation\\Console\\Kernel->handle(Object(Symfony\\Component\\Console\\Input\\ArgvInput), Object(Symfony\\Component\\Console\\Output\\ConsoleOutput))
#22 {main}

[previous exception] [object] (ReflectionException(code: -1): Class \"files\" does not exist at /Users/hqm/workspaces/StuViS/vendor/laravel/framework/src/Illuminate/Container/Container.php:877)
[stacktrace]
#0 /Users/hqm/workspaces/StuViS/vendor/laravel/framework/src/Illuminate/Container/Container.php(877): ReflectionClass->__construct('files')
#1 /Users/hqm/workspaces/StuViS/vendor/laravel/framework/src/Illuminate/Container/Container.php(758): Illuminate\\Container\\Container->build('files')
#2 /Users/hqm/workspaces/StuViS/vendor/laravel/framework/src/Illuminate/Foundation/Application.php(853): Illuminate\\Container\\Container->resolve('files', Array, true)
#3 /Users/hqm/workspaces/StuViS/vendor/laravel/framework/src/Illuminate/Container/Container.php(694): Illuminate\\Foundation\\Application->resolve('files', Array)
#4 /Users/hqm/workspaces/StuViS/vendor/laravel/framework/src/Illuminate/Foundation/Application.php(838): Illuminate\\Container\\Container->make('files', Array)
#5 /Users/hqm/workspaces/StuViS/vendor/laravel/framework/src/Illuminate/Container/Container.php(1419): Illuminate\\Foundation\\Application->make('files')
#6 /Users/hqm/workspaces/StuViS/vendor/laravel/framework/src/Illuminate/Foundation/Application.php(1043): Illuminate\\Container\\Container->offsetGet('files')
#7 /Users/hqm/workspaces/StuViS/vendor/laravel/sanctum/src/SanctumServiceProvider.php(82): Illuminate\\Foundation\\Application->routesAreCached()
#8 /Users/hqm/workspaces/StuViS/vendor/laravel/sanctum/src/SanctumServiceProvider.php(58): Laravel\\Sanctum\\SanctumServiceProvider->defineRoutes()
#9 /Users/hqm/workspaces/StuViS/vendor/laravel/framework/src/Illuminate/Container/BoundMethod.php(36): Laravel\\Sanctum\\SanctumServiceProvider->boot()
#10 /Users/hqm/workspaces/StuViS/vendor/laravel/framework/src/Illuminate/Container/Util.php(40): Illuminate\\Container\\BoundMethod::{closure:Illuminate\\Container\\BoundMethod::call():35}()
#11 /Users/hqm/workspaces/StuViS/vendor/laravel/framework/src/Illuminate/Container/BoundMethod.php(93): Illuminate\\Container\\Util::unwrapIfClosure(Object(Closure))
#12 /Users/hqm/workspaces/StuViS/vendor/laravel/framework/src/Illuminate/Container/BoundMethod.php(35): Illuminate\\Container\\BoundMethod::callBoundMethod(Object(Illuminate\\Foundation\\Application), Array, Object(Closure))
#13 /Users/hqm/workspaces/StuViS/vendor/laravel/framework/src/Illuminate/Container/Container.php(653): Illuminate\\Container\\BoundMethod::call(Object(Illuminate\\Foundation\\Application), Array, Array, NULL)
#14 /Users/hqm/workspaces/StuViS/vendor/laravel/framework/src/Illuminate/Foundation/Application.php(926): Illuminate\\Container\\Container->call(Array)
#15 /Users/hqm/workspaces/StuViS/vendor/laravel/framework/src/Illuminate/Foundation/Application.php(907): Illuminate\\Foundation\\Application->bootProvider(Object(Laravel\\Sanctum\\SanctumServiceProvider))
#16 [internal function]: Illuminate\\Foundation\\Application->{closure:Illuminate\\Foundation\\Application::boot():906}(Object(Laravel\\Sanctum\\SanctumServiceProvider), 8)
#17 /Users/hqm/workspaces/StuViS/vendor/laravel/framework/src/Illuminate/Foundation/Application.php(906): array_walk(Array, Object(Closure))
#18 /Users/hqm/workspaces/StuViS/vendor/laravel/framework/src/Illuminate/Foundation/Bootstrap/BootProviders.php(17): Illuminate\\Foundation\\Application->boot()
#19 /Users/hqm/workspaces/StuViS/vendor/laravel/framework/src/Illuminate/Foundation/Application.php(237): Illuminate\\Foundation\\Bootstrap\\BootProviders->bootstrap(Object(Illuminate\\Foundation\\Application))
#20 /Users/hqm/workspaces/StuViS/vendor/laravel/framework/src/Illuminate/Foundation/Console/Kernel.php(310): Illuminate\\Foundation\\Application->bootstrapWith(Array)
#21 /Users/hqm/workspaces/StuViS/vendor/laravel/framework/src/Illuminate/Foundation/Console/Kernel.php(127): Illuminate\\Foundation\\Console\\Kernel->bootstrap()
#22 /Users/hqm/workspaces/StuViS/artisan(9): Illuminate\\Foundation\\Console\\Kernel->handle(Object(Symfony\\Component\\Console\\Input\\ArgvInput), Object(Symfony\\Component\\Console\\Output\\ConsoleOutput))
#23 {main}
"} 
